<?xml version="1.0" encoding="UTF-8"?>
<testng-results skipped="0" failed="0" total="1" passed="1">
  <reporter-output>
  </reporter-output>
  <suite name="Command line suite" duration-ms="6" started-at="2020-01-03T04:25:57Z" finished-at="2020-01-03T04:25:57Z">
    <groups>
    </groups>
    <test name="Command line test" duration-ms="6" started-at="2020-01-03T04:25:57Z" finished-at="2020-01-03T04:25:57Z">
      <class name="com.testfunday.app.AppTest">
        <test-method status="PASS" signature="testApp()[pri:0, instance:testApp(com.testfunday.app.AppTest)]" name="testApp" duration-ms="1" started-at="2020-01-03T09:55:57Z" finished-at="2020-01-03T09:55:57Z">
          <reporter-output>
          </reporter-output>
        </test-method> <!-- testApp -->
      </class> <!-- com.testfunday.app.AppTest -->
    </test> <!-- Command line test -->
  </suite> <!-- Command line suite -->
</testng-results>
