<?xml version="1.0" encoding="UTF-8"?>
<!-- Generated by org.testng.reporters.JUnitXMLReporter -->
<testsuite hostname="DESKTOP-AB" ignored="0" name="Default test" tests="2" failures="0" timestamp="2020-01-08T01:05:49 IST" time="24.671" errors="0">
  <testcase name="validateRegistrationPage" time="0.152" classname="com.testfunday.app.RegistrationPageTest"/>
  <testcase name="createSuccessfulAccount" time="7.394" classname="com.testfunday.app.RegistrationPageTest"/>
</testsuite> <!-- Default test -->
