<?xml version="1.0" encoding="UTF-8"?>
<!-- Generated by org.testng.reporters.JUnitXMLReporter -->
<testsuite hostname="DESKTOP-AB" ignored="0" name="Default test" tests="2" failures="0" timestamp="2020-01-01T23:38:43 IST" time="23.003" errors="0">
  <testcase name="validateRegistrationPage" time="0.214" classname="com.testfunday.app.RegistrationPageTest"/>
  <testcase name="createSuccessfulAccount" time="7.152" classname="com.testfunday.app.RegistrationPageTest"/>
</testsuite> <!-- Default test -->
