<?xml version="1.0" encoding="UTF-8"?>
<!-- Generated by org.testng.reporters.JUnitXMLReporter -->
<testsuite hostname="DESKTOP-AB" ignored="0" name="Test" tests="3" failures="0" timestamp="2020-01-01T22:24:16 IST" time="75.023" errors="0">
  <testcase name="homePageNavigation" time="41.166" classname="com.testfunday.app.HomePageTest"/>
  <testcase name="validateRegistrationPage" time="0.232" classname="com.testfunday.app.RegistrationPageTest"/>
  <testcase name="createSuccessfulAccount" time="7.352" classname="com.testfunday.app.RegistrationPageTest"/>
</testsuite> <!-- Test -->
