<?xml version="1.0" encoding="UTF-8"?>
<!-- Generated by org.testng.reporters.JUnitXMLReporter -->
<testsuite hostname="DESKTOP-AB" ignored="0" name="Test" tests="3" failures="0" timestamp="2020-01-08T01:12:23 IST" time="40.314" errors="0">
  <testcase name="homePageNavigation" time="8.508" classname="com.testfunday.app.HomePageTest"/>
  <testcase name="validateRegistrationPage" time="0.175" classname="com.testfunday.app.RegistrationPageTest"/>
  <testcase name="createSuccessfulAccount" time="7.123" classname="com.testfunday.app.RegistrationPageTest"/>
</testsuite> <!-- Test -->
