<?xml version="1.0" encoding="UTF-8"?>
<testng-results skipped="0" failed="0" total="3" passed="3">
  <reporter-output>
  </reporter-output>
  <suite name="Command line suite" duration-ms="47770" started-at="2020-01-03T04:25:09Z" finished-at="2020-01-03T04:25:57Z">
    <groups>
    </groups>
    <test name="Command line test" duration-ms="47770" started-at="2020-01-03T04:25:09Z" finished-at="2020-01-03T04:25:57Z">
      <class name="com.testfunday.app.RegistrationPageTest">
        <test-method status="PASS" signature="validateRegistrationPage()[pri:0, instance:com.testfunday.app.RegistrationPageTest@59a6e353]" name="validateRegistrationPage" duration-ms="219" started-at="2020-01-03T09:55:48Z" finished-at="2020-01-03T09:55:48Z">
          <reporter-output>
          </reporter-output>
        </test-method> <!-- validateRegistrationPage -->
        <test-method status="PASS" signature="createSuccessfulAccount()[pri:0, instance:com.testfunday.app.RegistrationPageTest@59a6e353]" name="createSuccessfulAccount" duration-ms="7338" started-at="2020-01-03T09:55:48Z" finished-at="2020-01-03T09:55:55Z">
          <reporter-output>
          </reporter-output>
        </test-method> <!-- createSuccessfulAccount -->
      </class> <!-- com.testfunday.app.RegistrationPageTest -->
      <class name="com.testfunday.app.HomePageTest">
        <test-method status="PASS" signature="start()[pri:0, instance:com.testfunday.app.HomePageTest@1554909b]" name="start" is-config="true" duration-ms="11125" started-at="2020-01-03T09:55:09Z" finished-at="2020-01-03T09:55:20Z">
          <reporter-output>
          </reporter-output>
        </test-method> <!-- start -->
        <test-method status="PASS" signature="start()[pri:0, instance:com.testfunday.app.RegistrationPageTest@59a6e353]" name="start" is-config="true" duration-ms="12817" started-at="2020-01-03T09:55:20Z" finished-at="2020-01-03T09:55:33Z">
          <reporter-output>
          </reporter-output>
        </test-method> <!-- start -->
        <test-method status="PASS" signature="homePageNavigation()[pri:0, instance:com.testfunday.app.HomePageTest@1554909b]" name="homePageNavigation" duration-ms="14914" started-at="2020-01-03T09:55:33Z" finished-at="2020-01-03T09:55:48Z">
          <reporter-output>
          </reporter-output>
        </test-method> <!-- homePageNavigation -->
        <test-method status="PASS" signature="end()[pri:0, instance:com.testfunday.app.HomePageTest@1554909b]" name="end" is-config="true" duration-ms="683" started-at="2020-01-03T09:55:55Z" finished-at="2020-01-03T09:55:56Z">
          <reporter-output>
          </reporter-output>
        </test-method> <!-- end -->
        <test-method status="PASS" signature="end()[pri:0, instance:com.testfunday.app.RegistrationPageTest@59a6e353]" name="end" is-config="true" duration-ms="662" started-at="2020-01-03T09:55:56Z" finished-at="2020-01-03T09:55:57Z">
          <reporter-output>
          </reporter-output>
        </test-method> <!-- end -->
      </class> <!-- com.testfunday.app.HomePageTest -->
    </test> <!-- Command line test -->
  </suite> <!-- Command line suite -->
</testng-results>
