<?xml version="1.0" encoding="UTF-8"?>
<testng-results skipped="0" failed="0" total="3" passed="3">
  <reporter-output>
  </reporter-output>
  <suite name="Command line suite" duration-ms="48443" started-at="2020-01-03T05:38:39Z" finished-at="2020-01-03T05:39:28Z">
    <groups>
    </groups>
    <test name="Command line test" duration-ms="48443" started-at="2020-01-03T05:38:39Z" finished-at="2020-01-03T05:39:28Z">
      <class name="com.testfunday.app.RegistrationPageTest">
        <test-method status="PASS" signature="validateRegistrationPage()[pri:0, instance:com.testfunday.app.RegistrationPageTest@59a6e353]" name="validateRegistrationPage" duration-ms="201" started-at="2020-01-03T11:09:19Z" finished-at="2020-01-03T11:09:19Z">
          <reporter-output>
          </reporter-output>
        </test-method> <!-- validateRegistrationPage -->
        <test-method status="PASS" signature="createSuccessfulAccount()[pri:0, instance:com.testfunday.app.RegistrationPageTest@59a6e353]" name="createSuccessfulAccount" duration-ms="7408" started-at="2020-01-03T11:09:19Z" finished-at="2020-01-03T11:09:26Z">
          <reporter-output>
          </reporter-output>
        </test-method> <!-- createSuccessfulAccount -->
      </class> <!-- com.testfunday.app.RegistrationPageTest -->
      <class name="com.testfunday.app.HomePageTest">
        <test-method status="PASS" signature="start()[pri:0, instance:com.testfunday.app.HomePageTest@1554909b]" name="start" is-config="true" duration-ms="9760" started-at="2020-01-03T11:08:39Z" finished-at="2020-01-03T11:08:49Z">
          <reporter-output>
          </reporter-output>
        </test-method> <!-- start -->
        <test-method status="PASS" signature="start()[pri:0, instance:com.testfunday.app.RegistrationPageTest@59a6e353]" name="start" is-config="true" duration-ms="13034" started-at="2020-01-03T11:08:49Z" finished-at="2020-01-03T11:09:02Z">
          <reporter-output>
          </reporter-output>
        </test-method> <!-- start -->
        <test-method status="PASS" signature="homePageNavigation()[pri:0, instance:com.testfunday.app.HomePageTest@1554909b]" name="homePageNavigation" duration-ms="16277" started-at="2020-01-03T11:09:02Z" finished-at="2020-01-03T11:09:19Z">
          <reporter-output>
          </reporter-output>
        </test-method> <!-- homePageNavigation -->
        <test-method status="PASS" signature="end()[pri:0, instance:com.testfunday.app.HomePageTest@1554909b]" name="end" is-config="true" duration-ms="1107" started-at="2020-01-03T11:09:26Z" finished-at="2020-01-03T11:09:27Z">
          <reporter-output>
          </reporter-output>
        </test-method> <!-- end -->
        <test-method status="PASS" signature="end()[pri:0, instance:com.testfunday.app.RegistrationPageTest@59a6e353]" name="end" is-config="true" duration-ms="642" started-at="2020-01-03T11:09:27Z" finished-at="2020-01-03T11:09:28Z">
          <reporter-output>
          </reporter-output>
        </test-method> <!-- end -->
      </class> <!-- com.testfunday.app.HomePageTest -->
    </test> <!-- Command line test -->
  </suite> <!-- Command line suite -->
</testng-results>
