<?xml version="1.0" encoding="UTF-8"?>
<!-- Generated by org.testng.reporters.JUnitXMLReporter -->
<testsuite hostname="DESKTOP-AB" name="Command line test" tests="3" failures="0" timestamp="3 Jan 2020 04:25:57 GMT" time="47.77" errors="0">
  <testcase name="homePageNavigation" time="14.914" classname="com.testfunday.app.HomePageTest"/>
  <testcase name="validateRegistrationPage" time="0.219" classname="com.testfunday.app.RegistrationPageTest"/>
  <testcase name="createSuccessfulAccount" time="7.338" classname="com.testfunday.app.RegistrationPageTest"/>
</testsuite> <!-- Command line test -->
