<?xml version="1.0" encoding="UTF-8"?>
<!-- Generated by org.testng.reporters.JUnitXMLReporter -->
<testsuite hostname="DESKTOP-AB" name="Command line test" tests="3" failures="0" timestamp="3 Jan 2020 05:39:28 GMT" time="48.443" errors="0">
  <testcase name="homePageNavigation" time="16.277" classname="com.testfunday.app.HomePageTest"/>
  <testcase name="validateRegistrationPage" time="0.201" classname="com.testfunday.app.RegistrationPageTest"/>
  <testcase name="createSuccessfulAccount" time="7.408" classname="com.testfunday.app.RegistrationPageTest"/>
</testsuite> <!-- Command line test -->
