<?xml version="1.0" encoding="UTF-8"?>
<testng-results skipped="0" failed="0" ignored="0" total="2" passed="2">
  <reporter-output>
  </reporter-output>
  <suite name="Default suite" duration-ms="23003" started-at="2020-01-01T23:38:20 IST" finished-at="2020-01-01T23:38:43 IST">
    <groups>
    </groups>
    <test name="Default test" duration-ms="23003" started-at="2020-01-01T23:38:20 IST" finished-at="2020-01-01T23:38:43 IST">
      <class name="com.testfunday.app.RegistrationPageTest">
        <test-method status="PASS" signature="start()[pri:0, instance:com.testfunday.app.RegistrationPageTest@2b552920]" name="start" is-config="true" duration-ms="14900" started-at="2020-01-01T23:38:20 IST" finished-at="2020-01-01T23:38:35 IST">
          <reporter-output>
          </reporter-output>
        </test-method> <!-- start -->
        <test-method status="PASS" signature="validateRegistrationPage()[pri:1, instance:com.testfunday.app.RegistrationPageTest@2b552920]" name="validateRegistrationPage" duration-ms="214" started-at="2020-01-01T23:38:35 IST" finished-at="2020-01-01T23:38:35 IST">
          <reporter-output>
          </reporter-output>
        </test-method> <!-- validateRegistrationPage -->
        <test-method status="PASS" signature="createSuccessfulAccount()[pri:2, instance:com.testfunday.app.RegistrationPageTest@2b552920]" name="createSuccessfulAccount" duration-ms="7152" started-at="2020-01-01T23:38:35 IST" finished-at="2020-01-01T23:38:43 IST">
          <reporter-output>
          </reporter-output>
        </test-method> <!-- createSuccessfulAccount -->
        <test-method status="PASS" signature="end()[pri:0, instance:com.testfunday.app.RegistrationPageTest@2b552920]" name="end" is-config="true" duration-ms="680" started-at="2020-01-01T23:38:43 IST" finished-at="2020-01-01T23:38:43 IST">
          <reporter-output>
          </reporter-output>
        </test-method> <!-- end -->
      </class> <!-- com.testfunday.app.RegistrationPageTest -->
    </test> <!-- Default test -->
  </suite> <!-- Default suite -->
</testng-results>
