<?xml version="1.0" encoding="UTF-8"?>
<testng-results skipped="0" failed="0" ignored="0" total="3" passed="3">
  <reporter-output>
  </reporter-output>
  <suite name="Suite" duration-ms="40314" started-at="2020-01-08T01:11:43 IST" finished-at="2020-01-08T01:12:23 IST">
    <groups>
    </groups>
    <test name="Test" duration-ms="40314" started-at="2020-01-08T01:11:43 IST" finished-at="2020-01-08T01:12:23 IST">
      <class name="com.testfunday.app.RegistrationPageTest">
        <test-method status="PASS" signature="start()[pri:0, instance:com.testfunday.app.RegistrationPageTest@1f36e637]" name="start" is-config="true" duration-ms="13451" started-at="2020-01-08T01:11:53 IST" finished-at="2020-01-08T01:12:06 IST">
          <reporter-output>
          </reporter-output>
        </test-method> <!-- start -->
        <test-method status="PASS" signature="validateRegistrationPage()[pri:1, instance:com.testfunday.app.RegistrationPageTest@1f36e637]" name="validateRegistrationPage" duration-ms="175" started-at="2020-01-08T01:12:15 IST" finished-at="2020-01-08T01:12:15 IST">
          <reporter-output>
          </reporter-output>
        </test-method> <!-- validateRegistrationPage -->
        <test-method status="PASS" signature="createSuccessfulAccount()[pri:2, instance:com.testfunday.app.RegistrationPageTest@1f36e637]" name="createSuccessfulAccount" duration-ms="7123" started-at="2020-01-08T01:12:15 IST" finished-at="2020-01-08T01:12:22 IST">
          <reporter-output>
          </reporter-output>
        </test-method> <!-- createSuccessfulAccount -->
        <test-method status="PASS" signature="end()[pri:0, instance:com.testfunday.app.RegistrationPageTest@1f36e637]" name="end" is-config="true" duration-ms="686" started-at="2020-01-08T01:12:23 IST" finished-at="2020-01-08T01:12:23 IST">
          <reporter-output>
          </reporter-output>
        </test-method> <!-- end -->
      </class> <!-- com.testfunday.app.RegistrationPageTest -->
      <class name="com.testfunday.app.HomePageTest">
        <test-method status="PASS" signature="start()[pri:0, instance:com.testfunday.app.HomePageTest@2758fe70]" name="start" is-config="true" duration-ms="9668" started-at="2020-01-08T01:11:43 IST" finished-at="2020-01-08T01:11:53 IST">
          <reporter-output>
          </reporter-output>
        </test-method> <!-- start -->
        <test-method status="PASS" signature="homePageNavigation()[pri:1, instance:com.testfunday.app.HomePageTest@2758fe70]" name="homePageNavigation" duration-ms="8508" started-at="2020-01-08T01:12:06 IST" finished-at="2020-01-08T01:12:15 IST">
          <reporter-output>
          </reporter-output>
        </test-method> <!-- homePageNavigation -->
        <test-method status="PASS" signature="end()[pri:0, instance:com.testfunday.app.HomePageTest@2758fe70]" name="end" is-config="true" duration-ms="655" started-at="2020-01-08T01:12:22 IST" finished-at="2020-01-08T01:12:23 IST">
          <reporter-output>
          </reporter-output>
        </test-method> <!-- end -->
      </class> <!-- com.testfunday.app.HomePageTest -->
    </test> <!-- Test -->
  </suite> <!-- Suite -->
</testng-results>
